Downloading http://yann.lecun.com/exdb/mnist/train-images-idx3-ubyte.gz
Failed to download (trying next):
HTTP Error 404: Not Found

Downloading https://ossci-datasets.s3.amazonaws.com/mnist/train-images-idx3-ubyte.gz
Downloading https://ossci-datasets.s3.amazonaws.com/mnist/train-images-idx3-ubyte.gz to ./MNIST/raw/train-images-idx3-ubyte.gz
Extracting ./MNIST/raw/train-images-idx3-ubyte.gz to ./MNIST/raw

Downloading http://yann.lecun.com/exdb/mnist/train-labels-idx1-ubyte.gz
Failed to download (trying next):
HTTP Error 404: Not Found

Downloading https://ossci-datasets.s3.amazonaws.com/mnist/train-labels-idx1-ubyte.gz
Downloading https://ossci-datasets.s3.amazonaws.com/mnist/train-labels-idx1-ubyte.gz to ./MNIST/raw/train-labels-idx1-ubyte.gz
Extracting ./MNIST/raw/train-labels-idx1-ubyte.gz to ./MNIST/raw

Downloading http://yann.lecun.com/exdb/mnist/t10k-images-idx3-ubyte.gz
Failed to download (trying next):
HTTP Error 404: Not Found

Downloading https://ossci-datasets.s3.amazonaws.com/mnist/t10k-images-idx3-ubyte.gz
Downloading https://ossci-datasets.s3.amazonaws.com/mnist/t10k-images-idx3-ubyte.gz to ./MNIST/raw/t10k-images-idx3-ubyte.gz
Extracting ./MNIST/raw/t10k-images-idx3-ubyte.gz to ./MNIST/raw

Downloading http://yann.lecun.com/exdb/mnist/t10k-labels-idx1-ubyte.gz
Failed to download (trying next):
HTTP Error 404: Not Found

Downloading https://ossci-datasets.s3.amazonaws.com/mnist/t10k-labels-idx1-ubyte.gz
Downloading https://ossci-datasets.s3.amazonaws.com/mnist/t10k-labels-idx1-ubyte.gz to ./MNIST/raw/t10k-labels-idx1-ubyte.gz
Extracting ./MNIST/raw/t10k-labels-idx1-ubyte.gz to ./MNIST/raw

Train Epoch: 1 [0/60000 (0%)]	Loss: 2.283441
Train Epoch: 1 [12800/60000 (21%)]	Loss: 0.165143
Train Epoch: 1 [25600/60000 (43%)]	Loss: 0.150100
Train Epoch: 1 [38400/60000 (64%)]	Loss: 0.101928
Train Epoch: 1 [51200/60000 (85%)]	Loss: 0.158765

Test set: Average loss: 0.0000, Accuracy: 9849/10000 (98.49%)

Train Epoch: 2 [0/60000 (0%)]	Loss: 0.110462
Train Epoch: 2 [12800/60000 (21%)]	Loss: 0.054127
Train Epoch: 2 [25600/60000 (43%)]	Loss: 0.096755
Train Epoch: 2 [38400/60000 (64%)]	Loss: 0.041517
Train Epoch: 2 [51200/60000 (85%)]	Loss: 0.014580

Test set: Average loss: 0.0000, Accuracy: 9869/10000 (98.69%)

Train Epoch: 3 [0/60000 (0%)]	Loss: 0.059858
Train Epoch: 3 [12800/60000 (21%)]	Loss: 0.016062
Train Epoch: 3 [25600/60000 (43%)]	Loss: 0.005653
Train Epoch: 3 [38400/60000 (64%)]	Loss: 0.027313
Train Epoch: 3 [51200/60000 (85%)]	Loss: 0.152804

Test set: Average loss: 0.0000, Accuracy: 9887/10000 (98.87%)

Train Epoch: 4 [0/60000 (0%)]	Loss: 0.006828
Train Epoch: 4 [12800/60000 (21%)]	Loss: 0.063579
Train Epoch: 4 [25600/60000 (43%)]	Loss: 0.023040
Train Epoch: 4 [38400/60000 (64%)]	Loss: 0.036665
Train Epoch: 4 [51200/60000 (85%)]	Loss: 0.019882

Test set: Average loss: 0.0000, Accuracy: 9889/10000 (98.89%)

Train Epoch: 5 [0/60000 (0%)]	Loss: 0.015053
Train Epoch: 5 [12800/60000 (21%)]	Loss: 0.022488
Train Epoch: 5 [25600/60000 (43%)]	Loss: 0.004873
Train Epoch: 5 [38400/60000 (64%)]	Loss: 0.003255
Train Epoch: 5 [51200/60000 (85%)]	Loss: 0.029336

Test set: Average loss: 0.0000, Accuracy: 9897/10000 (98.97%)

Train Epoch: 6 [0/60000 (0%)]	Loss: 0.063613
Train Epoch: 6 [12800/60000 (21%)]	Loss: 0.103262
Train Epoch: 6 [25600/60000 (43%)]	Loss: 0.002176
Train Epoch: 6 [38400/60000 (64%)]	Loss: 0.013873
Train Epoch: 6 [51200/60000 (85%)]	Loss: 0.017063

Test set: Average loss: 0.0000, Accuracy: 9904/10000 (99.04%)

Train Epoch: 7 [0/60000 (0%)]	Loss: 0.033438
Train Epoch: 7 [12800/60000 (21%)]	Loss: 0.013135
Train Epoch: 7 [25600/60000 (43%)]	Loss: 0.074711
Train Epoch: 7 [38400/60000 (64%)]	Loss: 0.101762
Train Epoch: 7 [51200/60000 (85%)]	Loss: 0.039499

Test set: Average loss: 0.0000, Accuracy: 9905/10000 (99.05%)

Train Epoch: 8 [0/60000 (0%)]	Loss: 0.014190
Train Epoch: 8 [12800/60000 (21%)]	Loss: 0.051888
Train Epoch: 8 [25600/60000 (43%)]	Loss: 0.007658
Train Epoch: 8 [38400/60000 (64%)]	Loss: 0.007180
Train Epoch: 8 [51200/60000 (85%)]	Loss: 0.016425

Test set: Average loss: 0.0000, Accuracy: 9905/10000 (99.05%)

Train Epoch: 9 [0/60000 (0%)]	Loss: 0.069207
Train Epoch: 9 [12800/60000 (21%)]	Loss: 0.085335
Train Epoch: 9 [25600/60000 (43%)]	Loss: 0.010367
Train Epoch: 9 [38400/60000 (64%)]	Loss: 0.121528
Train Epoch: 9 [51200/60000 (85%)]	Loss: 0.079986

Test set: Average loss: 0.0000, Accuracy: 9909/10000 (99.09%)

Train Epoch: 10 [0/60000 (0%)]	Loss: 0.033468
Train Epoch: 10 [12800/60000 (21%)]	Loss: 0.042003
Train Epoch: 10 [25600/60000 (43%)]	Loss: 0.007642
Train Epoch: 10 [38400/60000 (64%)]	Loss: 0.005181
Train Epoch: 10 [51200/60000 (85%)]	Loss: 0.001555

Test set: Average loss: 0.0000, Accuracy: 9910/10000 (99.10%)

Train Epoch: 11 [0/60000 (0%)]	Loss: 0.001172
Train Epoch: 11 [12800/60000 (21%)]	Loss: 0.008112
Train Epoch: 11 [25600/60000 (43%)]	Loss: 0.019324
Train Epoch: 11 [38400/60000 (64%)]	Loss: 0.005495
Train Epoch: 11 [51200/60000 (85%)]	Loss: 0.041736

Test set: Average loss: 0.0000, Accuracy: 9907/10000 (99.07%)

Train Epoch: 12 [0/60000 (0%)]	Loss: 0.034780
Train Epoch: 12 [12800/60000 (21%)]	Loss: 0.018781
Train Epoch: 12 [25600/60000 (43%)]	Loss: 0.064599
Train Epoch: 12 [38400/60000 (64%)]	Loss: 0.010139
Train Epoch: 12 [51200/60000 (85%)]	Loss: 0.098867

Test set: Average loss: 0.0000, Accuracy: 9910/10000 (99.10%)

Train Epoch: 13 [0/60000 (0%)]	Loss: 0.004888
Train Epoch: 13 [12800/60000 (21%)]	Loss: 0.002759
Train Epoch: 13 [25600/60000 (43%)]	Loss: 0.009688
Train Epoch: 13 [38400/60000 (64%)]	Loss: 0.012199
Train Epoch: 13 [51200/60000 (85%)]	Loss: 0.017179

Test set: Average loss: 0.0000, Accuracy: 9907/10000 (99.07%)

Train Epoch: 14 [0/60000 (0%)]	Loss: 0.014672
Train Epoch: 14 [12800/60000 (21%)]	Loss: 0.013807
Train Epoch: 14 [25600/60000 (43%)]	Loss: 0.010096
Train Epoch: 14 [38400/60000 (64%)]	Loss: 0.067839
Train Epoch: 14 [51200/60000 (85%)]	Loss: 0.067186

Test set: Average loss: 0.0000, Accuracy: 9908/10000 (99.08%)

Train Epoch: 15 [0/60000 (0%)]	Loss: 0.081226
Train Epoch: 15 [12800/60000 (21%)]	Loss: 0.006000
Train Epoch: 15 [25600/60000 (43%)]	Loss: 0.011058
Train Epoch: 15 [38400/60000 (64%)]	Loss: 0.015498
Train Epoch: 15 [51200/60000 (85%)]	Loss: 0.001157

Test set: Average loss: 0.0000, Accuracy: 9913/10000 (99.13%)

Train Epoch: 16 [0/60000 (0%)]	Loss: 0.046690
Train Epoch: 16 [12800/60000 (21%)]	Loss: 0.018157
Train Epoch: 16 [25600/60000 (43%)]	Loss: 0.054616
Train Epoch: 16 [38400/60000 (64%)]	Loss: 0.017872
Train Epoch: 16 [51200/60000 (85%)]	Loss: 0.009148

Test set: Average loss: 0.0000, Accuracy: 9911/10000 (99.11%)

Train Epoch: 17 [0/60000 (0%)]	Loss: 0.010169
Train Epoch: 17 [12800/60000 (21%)]	Loss: 0.013384
Train Epoch: 17 [25600/60000 (43%)]	Loss: 0.004056
Train Epoch: 17 [38400/60000 (64%)]	Loss: 0.049504
Train Epoch: 17 [51200/60000 (85%)]	Loss: 0.000871

Test set: Average loss: 0.0000, Accuracy: 9910/10000 (99.10%)

Train Epoch: 18 [0/60000 (0%)]	Loss: 0.074149
Train Epoch: 18 [12800/60000 (21%)]	Loss: 0.015989
Train Epoch: 18 [25600/60000 (43%)]	Loss: 0.010814
Train Epoch: 18 [38400/60000 (64%)]	Loss: 0.078779
Train Epoch: 18 [51200/60000 (85%)]	Loss: 0.005231

Test set: Average loss: 0.0000, Accuracy: 9909/10000 (99.09%)

Train Epoch: 19 [0/60000 (0%)]	Loss: 0.007408
Train Epoch: 19 [12800/60000 (21%)]	Loss: 0.015960
Train Epoch: 19 [25600/60000 (43%)]	Loss: 0.206020
Train Epoch: 19 [38400/60000 (64%)]	Loss: 0.003341
Train Epoch: 19 [51200/60000 (85%)]	Loss: 0.104638

Test set: Average loss: 0.0000, Accuracy: 9909/10000 (99.09%)

Train Epoch: 20 [0/60000 (0%)]	Loss: 0.057015
Train Epoch: 20 [12800/60000 (21%)]	Loss: 0.018461
Train Epoch: 20 [25600/60000 (43%)]	Loss: 0.168594
Train Epoch: 20 [38400/60000 (64%)]	Loss: 0.002251
Train Epoch: 20 [51200/60000 (85%)]	Loss: 0.007109

Test set: Average loss: 0.0000, Accuracy: 9907/10000 (99.07%)

start attack
Train Epoch: attack epoch [0/60000 (0%)]	Loss: 0.023950
Train Epoch: attack epoch [12800/60000 (21%)]	Loss: 58.753643
Train Epoch: attack epoch [25600/60000 (43%)]	Loss: 60.858047
Train Epoch: attack epoch [38400/60000 (64%)]	Loss: 60.615269
Train Epoch: attack epoch [51200/60000 (85%)]	Loss: 54.953548
Accuracy After attack:

Test set: Average loss: 0.0625, Accuracy: 1010/10000 (10.10%)

